<?xml version="1.0" encoding="UTF-8"?>
<testng-results ignored="0" total="1" passed="1" failed="0" skipped="0">
  <reporter-output>
  </reporter-output>
  <suite started-at="2025-02-24T14:45:49 PST" name="Flask API Test Suite" finished-at="2025-02-24T14:45:50 PST" duration-ms="1473">
    <groups>
    </groups>
    <test started-at="2025-02-24T14:45:49 PST" name="Department API Tests" finished-at="2025-02-24T14:45:50 PST" duration-ms="1473">
      <class name="Department.DepartmentAPITests">
        <test-method is-config="true" signature="setUp()[pri:0, instance:Department.DepartmentAPITests@78e4deb0]" started-at="2025-02-24T14:45:49 PST" name="setUp" finished-at="2025-02-24T14:45:49 PST" duration-ms="368" status="PASS">
          <reporter-output>
          </reporter-output>
        </test-method> <!-- setUp -->
        <test-method signature="testGetDepartments()[pri:0, instance:Department.DepartmentAPITests@78e4deb0]" started-at="2025-02-24T14:45:49 PST" name="testGetDepartments" finished-at="2025-02-24T14:45:50 PST" duration-ms="1074" status="PASS">
          <reporter-output>
          </reporter-output>
        </test-method> <!-- testGetDepartments -->
      </class> <!-- Department.DepartmentAPITests -->
    </test> <!-- Department API Tests -->
  </suite> <!-- Flask API Test Suite -->
</testng-results>
